Started GET "/" for 127.0.0.1 at 2022-12-12 10:20:41 +0100
Processing by Rails::WelcomeController#index as HTML
  Rendering /Users/zenulous/.rbenv/versions/3.1.2/lib/ruby/gems/3.1.0/gems/railties-7.0.4/lib/rails/templates/rails/welcome/index.html.erb
  Rendered /Users/zenulous/.rbenv/versions/3.1.2/lib/ruby/gems/3.1.0/gems/railties-7.0.4/lib/rails/templates/rails/welcome/index.html.erb (Duration: 1.1ms | Allocations: 585)
Completed 200 OK in 8ms (Views: 3.4ms | ActiveRecord: 0.0ms | Allocations: 4650)


Started GET "/" for 127.0.0.1 at 2022-12-12 10:20:54 +0100
Processing by Rails::WelcomeController#index as HTML
  Rendering /Users/zenulous/.rbenv/versions/3.1.2/lib/ruby/gems/3.1.0/gems/railties-7.0.4/lib/rails/templates/rails/welcome/index.html.erb
  Rendered /Users/zenulous/.rbenv/versions/3.1.2/lib/ruby/gems/3.1.0/gems/railties-7.0.4/lib/rails/templates/rails/welcome/index.html.erb (Duration: 0.3ms | Allocations: 281)
Completed 200 OK in 1ms (Views: 0.8ms | ActiveRecord: 0.0ms | Allocations: 972)


Started GET "/" for 127.0.0.1 at 2022-12-12 10:25:34 +0100
Processing by Rails::WelcomeController#index as HTML
  Rendering /Users/zenulous/.rbenv/versions/3.1.2/lib/ruby/gems/3.1.0/gems/railties-7.0.4/lib/rails/templates/rails/welcome/index.html.erb
  Rendered /Users/zenulous/.rbenv/versions/3.1.2/lib/ruby/gems/3.1.0/gems/railties-7.0.4/lib/rails/templates/rails/welcome/index.html.erb (Duration: 0.8ms | Allocations: 477)
Completed 200 OK in 7ms (Views: 2.9ms | ActiveRecord: 0.0ms | Allocations: 3311)


Started GET "/" for 127.0.0.1 at 2022-12-12 10:25:35 +0100
Processing by Rails::WelcomeController#index as HTML
  Rendering /Users/zenulous/.rbenv/versions/3.1.2/lib/ruby/gems/3.1.0/gems/railties-7.0.4/lib/rails/templates/rails/welcome/index.html.erb
  Rendered /Users/zenulous/.rbenv/versions/3.1.2/lib/ruby/gems/3.1.0/gems/railties-7.0.4/lib/rails/templates/rails/welcome/index.html.erb (Duration: 0.3ms | Allocations: 281)
Completed 200 OK in 1ms (Views: 0.8ms | ActiveRecord: 0.0ms | Allocations: 972)


Started GET "/" for 127.0.0.1 at 2022-12-12 10:25:35 +0100
Processing by Rails::WelcomeController#index as HTML
  Rendering /Users/zenulous/.rbenv/versions/3.1.2/lib/ruby/gems/3.1.0/gems/railties-7.0.4/lib/rails/templates/rails/welcome/index.html.erb
  Rendered /Users/zenulous/.rbenv/versions/3.1.2/lib/ruby/gems/3.1.0/gems/railties-7.0.4/lib/rails/templates/rails/welcome/index.html.erb (Duration: 0.0ms | Allocations: 16)
Completed 200 OK in 0ms (Views: 0.2ms | ActiveRecord: 0.0ms | Allocations: 254)


Started GET "/" for 127.0.0.1 at 2022-12-12 10:25:36 +0100
Processing by Rails::WelcomeController#index as HTML
  Rendering /Users/zenulous/.rbenv/versions/3.1.2/lib/ruby/gems/3.1.0/gems/railties-7.0.4/lib/rails/templates/rails/welcome/index.html.erb
  Rendered /Users/zenulous/.rbenv/versions/3.1.2/lib/ruby/gems/3.1.0/gems/railties-7.0.4/lib/rails/templates/rails/welcome/index.html.erb (Duration: 0.0ms | Allocations: 15)
Completed 200 OK in 0ms (Views: 0.2ms | ActiveRecord: 0.0ms | Allocations: 221)


Started GET "/" for 127.0.0.1 at 2022-12-12 10:25:36 +0100
Processing by Rails::WelcomeController#index as HTML
  Rendering /Users/zenulous/.rbenv/versions/3.1.2/lib/ruby/gems/3.1.0/gems/railties-7.0.4/lib/rails/templates/rails/welcome/index.html.erb
  Rendered /Users/zenulous/.rbenv/versions/3.1.2/lib/ruby/gems/3.1.0/gems/railties-7.0.4/lib/rails/templates/rails/welcome/index.html.erb (Duration: 0.0ms | Allocations: 15)
Completed 200 OK in 1ms (Views: 0.2ms | ActiveRecord: 0.0ms | Allocations: 221)


Started GET "/" for 127.0.0.1 at 2022-12-12 10:25:36 +0100
Processing by Rails::WelcomeController#index as HTML
  Rendering /Users/zenulous/.rbenv/versions/3.1.2/lib/ruby/gems/3.1.0/gems/railties-7.0.4/lib/rails/templates/rails/welcome/index.html.erb
  Rendered /Users/zenulous/.rbenv/versions/3.1.2/lib/ruby/gems/3.1.0/gems/railties-7.0.4/lib/rails/templates/rails/welcome/index.html.erb (Duration: 0.1ms | Allocations: 15)
Completed 200 OK in 3ms (Views: 2.1ms | ActiveRecord: 0.0ms | Allocations: 221)


Started GET "/" for 127.0.0.1 at 2022-12-12 10:25:36 +0100
Processing by Rails::WelcomeController#index as HTML
  Rendering /Users/zenulous/.rbenv/versions/3.1.2/lib/ruby/gems/3.1.0/gems/railties-7.0.4/lib/rails/templates/rails/welcome/index.html.erb
  Rendered /Users/zenulous/.rbenv/versions/3.1.2/lib/ruby/gems/3.1.0/gems/railties-7.0.4/lib/rails/templates/rails/welcome/index.html.erb (Duration: 6.5ms | Allocations: 15)
Completed 200 OK in 20ms (Views: 19.1ms | ActiveRecord: 0.0ms | Allocations: 221)


Started GET "/" for 127.0.0.1 at 2022-12-12 10:25:36 +0100
Processing by Rails::WelcomeController#index as HTML
  Rendering /Users/zenulous/.rbenv/versions/3.1.2/lib/ruby/gems/3.1.0/gems/railties-7.0.4/lib/rails/templates/rails/welcome/index.html.erb
  Rendered /Users/zenulous/.rbenv/versions/3.1.2/lib/ruby/gems/3.1.0/gems/railties-7.0.4/lib/rails/templates/rails/welcome/index.html.erb (Duration: 0.3ms | Allocations: 15)
Completed 200 OK in 20ms (Views: 18.9ms | ActiveRecord: 0.0ms | Allocations: 221)


